#! /c/Source/iverilog-install/bin/vvp
:ivl_version "12.0 (devel)" "(s20150603-1539-g2693dd32b)";
:ivl_delay_selection "TYPICAL";
:vpi_time_precision - 9;
:vpi_module "C:\iverilog\lib\ivl\system.vpi";
:vpi_module "C:\iverilog\lib\ivl\vhdl_sys.vpi";
:vpi_module "C:\iverilog\lib\ivl\vhdl_textio.vpi";
:vpi_module "C:\iverilog\lib\ivl\v2005_math.vpi";
:vpi_module "C:\iverilog\lib\ivl\va_math.vpi";
:vpi_module "C:\iverilog\lib\ivl\v2009.vpi";
S_0000028d8713a7e0 .scope package, "$unit" "$unit" 2 1;
 .timescale 0 0;
S_0000028d8713c3f0 .scope module, "tb" "tb" 3 2;
 .timescale -9 -9;
v0000028d87136b20_0 .var "clk", 0 0;
v0000028d87183350_0 .net "out_time", 15 0, L_0000028d87175190;  1 drivers
v0000028d871833f0_0 .var "rst", 0 0;
E_0000028d87139850 .event posedge, v0000028d8713c710_0;
S_0000028d8713c580 .scope module, "i_timer" "timer" 3 13, 4 1 0, S_0000028d8713c3f0;
 .timescale -9 -9;
    .port_info 0 /INPUT 1 "clk";
    .port_info 1 /INPUT 1 "rst";
    .port_info 2 /OUTPUT 16 "out_time";
L_0000028d87175190 .functor BUFZ 16, v0000028d871ceee0_0, C4<0000000000000000>, C4<0000000000000000>, C4<0000000000000000>;
v0000028d8713c710_0 .net "clk", 0 0, v0000028d87136b20_0;  1 drivers
v0000028d8713c7b0_0 .var "ms_clock", 0 0;
v0000028d871ceee0_0 .var "ms_timer", 15 0;
v0000028d87136940_0 .net "out_time", 15 0, L_0000028d87175190;  alias, 1 drivers
v0000028d871369e0_0 .net "rst", 0 0, v0000028d871833f0_0;  1 drivers
v0000028d87136a80_0 .var "timer_reg", 15 0;
E_0000028d87139190 .event posedge, v0000028d871369e0_0, v0000028d8713c710_0;
S_0000028d871367b0 .scope begin, "timer" "timer" 4 11, 4 11 0, S_0000028d8713c580;
 .timescale -9 -9;
    .scope S_0000028d8713c580;
T_0 ;
    %wait E_0000028d87139190;
    %fork t_1, S_0000028d871367b0;
    %jmp t_0;
    .scope S_0000028d871367b0;
t_1 ;
    %load/vec4 v0000028d871369e0_0;
    %flag_set/vec4 8;
    %jmp/0xz  T_0.0, 8;
    %pushi/vec4 0, 0, 16;
    %assign/vec4 v0000028d87136a80_0, 0;
    %pushi/vec4 0, 0, 1;
    %assign/vec4 v0000028d8713c7b0_0, 0;
    %jmp T_0.1;
T_0.0 ;
    %load/vec4 v0000028d87136a80_0;
    %cmpi/e 50000, 0, 16;
    %jmp/0xz  T_0.2, 4;
    %pushi/vec4 1, 0, 1;
    %assign/vec4 v0000028d8713c7b0_0, 0;
    %pushi/vec4 0, 0, 16;
    %assign/vec4 v0000028d87136a80_0, 0;
    %jmp T_0.3;
T_0.2 ;
    %pushi/vec4 0, 0, 1;
    %assign/vec4 v0000028d8713c7b0_0, 0;
    %load/vec4 v0000028d87136a80_0;
    %addi 1, 0, 16;
    %assign/vec4 v0000028d87136a80_0, 0;
T_0.3 ;
T_0.1 ;
    %end;
    .scope S_0000028d8713c580;
t_0 %join;
    %jmp T_0;
    .thread T_0;
    .scope S_0000028d8713c580;
T_1 ;
    %wait E_0000028d87139190;
    %load/vec4 v0000028d871369e0_0;
    %flag_set/vec4 8;
    %jmp/0xz  T_1.0, 8;
    %pushi/vec4 0, 0, 16;
    %assign/vec4 v0000028d871ceee0_0, 0;
    %jmp T_1.1;
T_1.0 ;
    %load/vec4 v0000028d8713c7b0_0;
    %flag_set/vec4 8;
    %jmp/0xz  T_1.2, 8;
    %load/vec4 v0000028d871ceee0_0;
    %addi 1, 0, 16;
    %assign/vec4 v0000028d871ceee0_0, 0;
T_1.2 ;
T_1.1 ;
    %jmp T_1;
    .thread T_1;
    .scope S_0000028d8713c3f0;
T_2 ;
    %pushi/vec4 0, 0, 1;
    %store/vec4 v0000028d87136b20_0, 0, 1;
T_2.0 ;
    %delay 10, 0;
    %load/vec4 v0000028d87136b20_0;
    %inv;
    %store/vec4 v0000028d87136b20_0, 0, 1;
    %jmp T_2.0;
    %end;
    .thread T_2;
    .scope S_0000028d8713c3f0;
T_3 ;
    %pushi/vec4 1, 1, 1;
    %assign/vec4 v0000028d871833f0_0, 0;
    %pushi/vec4 2, 0, 32;
T_3.0 %dup/vec4;
    %pushi/vec4 0, 0, 32;
    %cmp/s;
    %jmp/1xz T_3.1, 5;
    %jmp/1 T_3.1, 4;
    %pushi/vec4 1, 0, 32;
    %sub;
    %wait E_0000028d87139850;
    %jmp T_3.0;
T_3.1 ;
    %pop/vec4 1;
    %pushi/vec4 1, 0, 1;
    %assign/vec4 v0000028d871833f0_0, 0;
    %pushi/vec4 2, 0, 32;
T_3.2 %dup/vec4;
    %pushi/vec4 0, 0, 32;
    %cmp/s;
    %jmp/1xz T_3.3, 5;
    %jmp/1 T_3.3, 4;
    %pushi/vec4 1, 0, 32;
    %sub;
    %wait E_0000028d87139850;
    %jmp T_3.2;
T_3.3 ;
    %pop/vec4 1;
    %pushi/vec4 0, 0, 1;
    %assign/vec4 v0000028d871833f0_0, 0;
    %end;
    .thread T_3;
    .scope S_0000028d8713c3f0;
T_4 ;
    %vpi_call/w 3 43 "$dumpvars" {0 0 0};
    %pushi/vec4 1000000, 0, 32;
T_4.0 %dup/vec4;
    %pushi/vec4 0, 0, 32;
    %cmp/s;
    %jmp/1xz T_4.1, 5;
    %jmp/1 T_4.1, 4;
    %pushi/vec4 1, 0, 32;
    %sub;
    %wait E_0000028d87139850;
    %jmp T_4.0;
T_4.1 ;
    %pop/vec4 1;
    %vpi_call/w 3 50 "$finish" {0 0 0};
    %end;
    .thread T_4;
# The file index is used to find the file name in the following table.
:file_names 5;
    "N/A";
    "<interactive>";
    "-";
    "tb.sv";
    "timer.sv";
